Using pre-set license
Built from '2021.3/staging' branch; Version is '2021.3.11f1 (0a5ca18544bf) revision 679073'; Using compiler version '192829333'; Build Type 'Release'
OS: 'Windows 10  (10.0.19044) 64bit Professional' Language: 'en' Physical Memory: 16274 MB
BatchMode: 1, IsHumanControllingUs: 0, StartBugReporterOnCrash: 0, Is64bit: 1, IsPro: 1

COMMAND LINE ARGUMENTS:
C:\Program Files\Unity\Hub\Editor\2021.3.11f1\Editor\Unity.exe
-adb2
-batchMode
-noUpm
-name
AssetImportWorker4
-projectPath
C:/Users/che cooper/OneDrive/Desktop/New folder/Sushi_game
-logFile
Logs/AssetImportWorker4.log
-srvPort
57409
Successfully changed project path to: C:/Users/che cooper/OneDrive/Desktop/New folder/Sushi_game
C:/Users/che cooper/OneDrive/Desktop/New folder/Sushi_game
[UnityMemory] Configuration Parameters - Can be set up in boot.config
    "memorysetup-bucket-allocator-granularity=16"
    "memorysetup-bucket-allocator-bucket-count=8"
    "memorysetup-bucket-allocator-block-size=33554432"
    "memorysetup-bucket-allocator-block-count=8"
    "memorysetup-main-allocator-block-size=16777216"
    "memorysetup-thread-allocator-block-size=16777216"
    "memorysetup-gfx-main-allocator-block-size=16777216"
    "memorysetup-gfx-thread-allocator-block-size=16777216"
    "memorysetup-cache-allocator-block-size=4194304"
    "memorysetup-typetree-allocator-block-size=2097152"
    "memorysetup-profiler-bucket-allocator-granularity=16"
    "memorysetup-profiler-bucket-allocator-bucket-count=8"
    "memorysetup-profiler-bucket-allocator-block-size=33554432"
    "memorysetup-profiler-bucket-allocator-block-count=8"
    "memorysetup-profiler-allocator-block-size=16777216"
    "memorysetup-profiler-editor-allocator-block-size=1048576"
    "memorysetup-temp-allocator-size-main=16777216"
    "memorysetup-job-temp-allocator-block-size=2097152"
    "memorysetup-job-temp-allocator-block-size-background=1048576"
    "memorysetup-job-temp-allocator-reduction-small-platforms=262144"
    "memorysetup-temp-allocator-size-background-worker=32768"
    "memorysetup-temp-allocator-size-job-worker=262144"
    "memorysetup-temp-allocator-size-preload-manager=33554432"
    "memorysetup-temp-allocator-size-nav-mesh-worker=65536"
    "memorysetup-temp-allocator-size-audio-worker=65536"
    "memorysetup-temp-allocator-size-cloud-worker=32768"
    "memorysetup-temp-allocator-size-gi-baking-worker=262144"
    "memorysetup-temp-allocator-size-gfx=262144"
Refreshing native plugins compatible for Editor in 506.24 ms, found 3 plugins.
Preloading 0 native plugins for Editor in 0.00 ms.
Initialize engine version: 2021.3.11f1 (0a5ca18544bf)
[Subsystems] Discovering subsystems at path C:/Program Files/Unity/Hub/Editor/2021.3.11f1/Editor/Data/Resources/UnitySubsystems
[Subsystems] Discovering subsystems at path C:/Users/che cooper/OneDrive/Desktop/New folder/Sushi_game/Assets
GfxDevice: creating device client; threaded=0; jobified=0
Direct3D:
    Version:  Direct3D 11.0 [level 11.1]
    Renderer: Intel(R) HD Graphics 4600 (ID=0x412)
    Vendor:   Intel
    VRAM:     2048 MB
    Driver:   20.19.15.5126
Initialize mono
Mono path[0] = 'C:/Program Files/Unity/Hub/Editor/2021.3.11f1/Editor/Data/Managed'
Mono path[1] = 'C:/Program Files/Unity/Hub/Editor/2021.3.11f1/Editor/Data/MonoBleedingEdge/lib/mono/unityjit-win32'
Mono config path = 'C:/Program Files/Unity/Hub/Editor/2021.3.11f1/Editor/Data/MonoBleedingEdge/etc'
Using monoOptions --debugger-agent=transport=dt_socket,embedding=1,server=y,suspend=n,address=127.0.0.1:56008
Begin MonoManager ReloadAssembly
Registering precompiled unity dll's ...
Register platform support module: C:/Program Files/Unity/Hub/Editor/2021.3.11f1/Editor/Data/PlaybackEngines/WindowsStandaloneSupport/UnityEditor.WindowsStandalone.Extensions.dll
Registered in 0.028194 seconds.
Native extension for WindowsStandalone target not found
Refreshing native plugins compatible for Editor in 149.37 ms, found 3 plugins.
Preloading 0 native plugins for Editor in 0.00 ms.
Mono: successfully reloaded assembly
- Completed reload, in  1.855 seconds
Domain Reload Profiling:
	ReloadAssembly (1856ms)
		BeginReloadAssembly (464ms)
			ExecutionOrderSort (0ms)
			DisableScriptedObjects (0ms)
			BackupInstance (0ms)
			ReleaseScriptingObjects (0ms)
			CreateAndSetChildDomain (5ms)
		EndReloadAssembly (1015ms)
			LoadAssemblies (452ms)
			RebuildTransferFunctionScriptingTraits (0ms)
			SetupTypeCache (201ms)
			ReleaseScriptCaches (0ms)
			RebuildScriptCaches (70ms)
			SetupLoadedEditorAssemblies (626ms)
				LogAssemblyErrors (0ms)
				InitializePlatformSupportModulesInManaged (34ms)
				SetLoadedEditorAssemblies (0ms)
				RefreshPlugins (149ms)
				BeforeProcessingInitializeOnLoad (2ms)
				ProcessInitializeOnLoadAttributes (334ms)
				ProcessInitializeOnLoadMethodAttributes (107ms)
				AfterProcessingInitializeOnLoad (0ms)
				EditorAssembliesLoaded (0ms)
			ExecutionOrderSort2 (0ms)
			AwakeInstancesAfterBackupRestoration (0ms)
Platform modules already initialized, skipping
Registering precompiled user dll's ...
Registered in 0.040870 seconds.
Begin MonoManager ReloadAssembly
Symbol file LoadedFromMemory doesn't match image C:\Users\che cooper\OneDrive\Desktop\New folder\Sushi_game\Library\PackageCache\com.unity.visualscripting@1.7.8\Editor\VisualScripting.Core\Dependencies\YamlDotNet\Unity.VisualScripting.YamlDotNet.dll
Symbol file LoadedFromMemory doesn't match image C:\Users\che cooper\OneDrive\Desktop\New folder\Sushi_game\Library\PackageCache\com.unity.visualscripting@1.7.8\Editor\VisualScripting.Core\Dependencies\DotNetZip\Unity.VisualScripting.IonicZip.dll
Native extension for WindowsStandalone target not found
Refreshing native plugins compatible for Editor in 0.72 ms, found 3 plugins.
Preloading 0 native plugins for Editor in 0.00 ms.
Mono: successfully reloaded assembly
- Completed reload, in  3.726 seconds
Domain Reload Profiling:
	ReloadAssembly (3730ms)
		BeginReloadAssembly (770ms)
			ExecutionOrderSort (0ms)
			DisableScriptedObjects (40ms)
			BackupInstance (0ms)
			ReleaseScriptingObjects (1ms)
			CreateAndSetChildDomain (93ms)
		EndReloadAssembly (2293ms)
			LoadAssemblies (599ms)
			RebuildTransferFunctionScriptingTraits (0ms)
			SetupTypeCache (769ms)
			ReleaseScriptCaches (1ms)
			RebuildScriptCaches (133ms)
			SetupLoadedEditorAssemblies (1042ms)
				LogAssemblyErrors (0ms)
				InitializePlatformSupportModulesInManaged (11ms)
				SetLoadedEditorAssemblies (1ms)
				RefreshPlugins (1ms)
				BeforeProcessingInitializeOnLoad (383ms)
				ProcessInitializeOnLoadAttributes (586ms)
				ProcessInitializeOnLoadMethodAttributes (40ms)
				AfterProcessingInitializeOnLoad (21ms)
				EditorAssembliesLoaded (0ms)
			ExecutionOrderSort2 (0ms)
			AwakeInstancesAfterBackupRestoration (8ms)
Platform modules already initialized, skipping
========================================================================
Worker process is ready to serve import requests
Launched and connected shader compiler UnityShaderCompiler.exe after 0.12 seconds
Refreshing native plugins compatible for Editor in 3.01 ms, found 3 plugins.
Preloading 0 native plugins for Editor in 0.00 ms.
Unloading 3384 Unused Serialized files (Serialized files now loaded: 0)
Unloading 27 unused Assets / (114.7 KB). Loaded Objects now: 3863.
Memory consumption went from 130.2 MB to 130.0 MB.
Total: 3.723500 ms (FindLiveObjects: 0.362100 ms CreateObjectMapping: 0.164800 ms MarkObjects: 3.020600 ms  DeleteObjects: 0.174900 ms)

AssetImportParameters requested are different than current active one (requested -> active):
  custom:video-decoder-ogg-theora: a1e56fd34408186e4bbccfd4996cb3dc -> 
  custom:container-muxer-webm: aa71ff27fc2769a1b78a27578f13a17b -> 
  custom:container-demuxer-webm: 4f35f7cbe854078d1ac9338744f61a02 -> 
  custom:video-encoder-webm-vp8: eb34c28f22e8b96e1ab97ce403110664 -> 
  custom:audio-encoder-webm-vorbis: bf7c407c2cedff20999df2af8eb42d56 -> 
  custom:framework-win-MediaFoundation: 216162199b28c13a410421893ffa2e32 -> 
  custom:container-demuxer-ogg: 62fdf1f143b41e24485cea50d1cbac27 -> 
  custom:video-decoder-webm-vp8: 9c59270c3fd7afecdb556c50c9e8de78 -> 
  custom:audio-decoder-ogg-vorbis: bf7c407c2cedff20999df2af8eb42d56 -> 
========================================================================
Received Import Request.
  Time since last request: 723858.932046 seconds.
  path: Assets/SkythianCat/Hand_Painted_Nature_Kit_LITE/Meshes/Boletus_edulis01.fbx
  artifactKey: Guid(b1683f28d36f08a44ae74f1dd7b2caf2) Importer(815301076,1909f56bfc062723c751e8b465ee728b)
Start importing Assets/SkythianCat/Hand_Painted_Nature_Kit_LITE/Meshes/Boletus_edulis01.fbx using Guid(b1683f28d36f08a44ae74f1dd7b2caf2) Importer(815301076,1909f56bfc062723c751e8b465ee728b)  -> (artifact id: '8e2becf7f41b2698dfb8f926c8e4f571') in 0.644608 seconds 
========================================================================
Received Import Request.
  Time since last request: 6.343356 seconds.
  path: Assets/SkythianCat/Hand_Painted_Nature_Kit_LITE/Meshes/Plantain.fbx
  artifactKey: Guid(9ee72e5c027db9c45bcd1df86809f2c3) Importer(815301076,1909f56bfc062723c751e8b465ee728b)
Start importing Assets/SkythianCat/Hand_Painted_Nature_Kit_LITE/Meshes/Plantain.fbx using Guid(9ee72e5c027db9c45bcd1df86809f2c3) Importer(815301076,1909f56bfc062723c751e8b465ee728b)  -> (artifact id: '2bf9dc6fe943c8003a99d1cc0fe82649') in 0.081119 seconds 
========================================================================
Received Prepare
Registering precompiled user dll's ...
Registered in 0.054573 seconds.
Begin MonoManager ReloadAssembly
Symbol file LoadedFromMemory doesn't match image C:\Users\che cooper\OneDrive\Desktop\New folder\Sushi_game\Library\PackageCache\com.unity.visualscripting@1.7.8\Editor\VisualScripting.Core\Dependencies\YamlDotNet\Unity.VisualScripting.YamlDotNet.dll
Symbol file LoadedFromMemory doesn't match image C:\Users\che cooper\OneDrive\Desktop\New folder\Sushi_game\Library\PackageCache\com.unity.visualscripting@1.7.8\Editor\VisualScripting.Core\Dependencies\DotNetZip\Unity.VisualScripting.IonicZip.dll
Native extension for WindowsStandalone target not found
Refreshing native plugins compatible for Editor in 1.22 ms, found 3 plugins.
Preloading 0 native plugins for Editor in 0.00 ms.
Mono: successfully reloaded assembly
- Completed reload, in  3.001 seconds
Domain Reload Profiling:
	ReloadAssembly (3002ms)
		BeginReloadAssembly (502ms)
			ExecutionOrderSort (0ms)
			DisableScriptedObjects (18ms)
			BackupInstance (0ms)
			ReleaseScriptingObjects (0ms)
			CreateAndSetChildDomain (153ms)
		EndReloadAssembly (2194ms)
			LoadAssemblies (381ms)
			RebuildTransferFunctionScriptingTraits (0ms)
			SetupTypeCache (616ms)
			ReleaseScriptCaches (3ms)
			RebuildScriptCaches (99ms)
			SetupLoadedEditorAssemblies (1079ms)
				LogAssemblyErrors (0ms)
				InitializePlatformSupportModulesInManaged (38ms)
				SetLoadedEditorAssemblies (4ms)
				RefreshPlugins (1ms)
				BeforeProcessingInitializeOnLoad (146ms)
				ProcessInitializeOnLoadAttributes (777ms)
				ProcessInitializeOnLoadMethodAttributes (81ms)
				AfterProcessingInitializeOnLoad (31ms)
				EditorAssembliesLoaded (0ms)
			ExecutionOrderSort2 (0ms)
			AwakeInstancesAfterBackupRestoration (10ms)
Platform modules already initialized, skipping
Refreshing native plugins compatible for Editor in 4.62 ms, found 3 plugins.
Preloading 0 native plugins for Editor in 0.00 ms.
Unloading 3378 Unused Serialized files (Serialized files now loaded: 0)
Unloading 20 unused Assets / (81.9 KB). Loaded Objects now: 3878.
Memory consumption went from 134.6 MB to 134.5 MB.
Total: 6.271300 ms (FindLiveObjects: 0.363600 ms CreateObjectMapping: 0.396000 ms MarkObjects: 5.349400 ms  DeleteObjects: 0.160500 ms)

AssetImportParameters requested are different than current active one (requested -> active):
  custom:video-decoder-ogg-theora: a1e56fd34408186e4bbccfd4996cb3dc -> 
  custom:container-muxer-webm: aa71ff27fc2769a1b78a27578f13a17b -> 
  custom:container-demuxer-webm: 4f35f7cbe854078d1ac9338744f61a02 -> 
  custom:video-encoder-webm-vp8: eb34c28f22e8b96e1ab97ce403110664 -> 
  custom:audio-encoder-webm-vorbis: bf7c407c2cedff20999df2af8eb42d56 -> 
  custom:framework-win-MediaFoundation: 216162199b28c13a410421893ffa2e32 -> 
  custom:container-demuxer-ogg: 62fdf1f143b41e24485cea50d1cbac27 -> 
  custom:video-decoder-webm-vp8: 9c59270c3fd7afecdb556c50c9e8de78 -> 
  custom:audio-decoder-ogg-vorbis: bf7c407c2cedff20999df2af8eb42d56 -> 
========================================================================
Received Import Request.
  Time since last request: 423.198489 seconds.
  path: Assets/SkythianCat/Hand_Painted_Nature_Kit_LITE/Meshes/Fern01.fbx
  artifactKey: Guid(671d4fd9b305b7740bb144a7ee4a3d18) Importer(815301076,1909f56bfc062723c751e8b465ee728b)
Start importing Assets/SkythianCat/Hand_Painted_Nature_Kit_LITE/Meshes/Fern01.fbx using Guid(671d4fd9b305b7740bb144a7ee4a3d18) Importer(815301076,1909f56bfc062723c751e8b465ee728b)  -> (artifact id: '559167634e567a6bb3372cb8174bdbeb') in 0.167862 seconds 
========================================================================
Received Import Request.
  Time since last request: 13.891999 seconds.
  path: Assets/Fantasy Forest Environment Free Sample/Meshes/Source/grass01.FBX
  artifactKey: Guid(4de33cfabd2a0a64caa7f20596f00adf) Importer(815301076,1909f56bfc062723c751e8b465ee728b)
Start importing Assets/Fantasy Forest Environment Free Sample/Meshes/Source/grass01.FBX using Guid(4de33cfabd2a0a64caa7f20596f00adf) Importer(815301076,1909f56bfc062723c751e8b465ee728b)  -> (artifact id: '8589f94d6f2e61b190044a5fdde6a5f4') in 0.284829 seconds 
========================================================================
Received Import Request.
  Time since last request: 12.786184 seconds.
  path: Assets/SkythianCat/Hand_Painted_Nature_Kit_LITE/Meshes/Larch01.fbx
  artifactKey: Guid(59f56164bd1f3ad4b92d7e941d91b7e4) Importer(815301076,1909f56bfc062723c751e8b465ee728b)
Start importing Assets/SkythianCat/Hand_Painted_Nature_Kit_LITE/Meshes/Larch01.fbx using Guid(59f56164bd1f3ad4b92d7e941d91b7e4) Importer(815301076,1909f56bfc062723c751e8b465ee728b)  -> (artifact id: '64277d1650c58cacc80b1138b633e24c') in 0.104953 seconds 
========================================================================
Received Import Request.
  Time since last request: 1.815890 seconds.
  path: Assets/JapaneseFood_Sushi Free/Assets/Mesh/Leaf_02.FBX
  artifactKey: Guid(6da26d7f3ac47cf47894d8f4a175f91f) Importer(815301076,1909f56bfc062723c751e8b465ee728b)
Start importing Assets/JapaneseFood_Sushi Free/Assets/Mesh/Leaf_02.FBX using Guid(6da26d7f3ac47cf47894d8f4a175f91f) Importer(815301076,1909f56bfc062723c751e8b465ee728b)  -> (artifact id: '5378567553aa67bab907f751585254eb') in 0.106898 seconds 
========================================================================
Received Import Request.
  Time since last request: 0.837258 seconds.
  path: Assets/JapaneseFood_Sushi Free/Assets/Mesh/Maki_01.FBX
  artifactKey: Guid(f3020007600dfcf4ea21f28e20dd5747) Importer(815301076,1909f56bfc062723c751e8b465ee728b)
Start importing Assets/JapaneseFood_Sushi Free/Assets/Mesh/Maki_01.FBX using Guid(f3020007600dfcf4ea21f28e20dd5747) Importer(815301076,1909f56bfc062723c751e8b465ee728b)  -> (artifact id: '313e62c7cba83316b2ccebfc45593a4b') in 0.104446 seconds 
========================================================================
Received Import Request.
  Time since last request: 0.903371 seconds.
  path: Assets/JapaneseFood_Sushi Free/Assets/Mesh/Nigiri_Sake.FBX
  artifactKey: Guid(6a549f1a6f6fb054686c48643afbfcb4) Importer(815301076,1909f56bfc062723c751e8b465ee728b)
Start importing Assets/JapaneseFood_Sushi Free/Assets/Mesh/Nigiri_Sake.FBX using Guid(6a549f1a6f6fb054686c48643afbfcb4) Importer(815301076,1909f56bfc062723c751e8b465ee728b)  -> (artifact id: '7b8f7a82270d18fcebe121f0729fc46e') in 0.092434 seconds 
========================================================================
Received Import Request.
  Time since last request: 0.407554 seconds.
  path: Assets/SkythianCat/Hand_Painted_Nature_Kit_LITE/Meshes/Pine01.fbx
  artifactKey: Guid(898d66776f99a2a4d97b187b37b1f15e) Importer(815301076,1909f56bfc062723c751e8b465ee728b)
Start importing Assets/SkythianCat/Hand_Painted_Nature_Kit_LITE/Meshes/Pine01.fbx using Guid(898d66776f99a2a4d97b187b37b1f15e) Importer(815301076,1909f56bfc062723c751e8b465ee728b)  -> (artifact id: 'ae9e25ee51c08bccb625c5a75740e2bb') in 0.091130 seconds 
========================================================================
Received Import Request.
  Time since last request: 1.772113 seconds.
  path: Assets/SkythianCat/Hand_Painted_Nature_Kit_LITE/Meshes/Stump.fbx
  artifactKey: Guid(dba9f38171f739f4095e59fb431610d2) Importer(815301076,1909f56bfc062723c751e8b465ee728b)
Start importing Assets/SkythianCat/Hand_Painted_Nature_Kit_LITE/Meshes/Stump.fbx using Guid(dba9f38171f739f4095e59fb431610d2) Importer(815301076,1909f56bfc062723c751e8b465ee728b)  -> (artifact id: 'df53cf632cb8628cb217ee9c10f1f73a') in 0.113717 seconds 
========================================================================
Received Prepare
Registering precompiled user dll's ...
Registered in 0.021274 seconds.
Begin MonoManager ReloadAssembly
Symbol file LoadedFromMemory doesn't match image C:\Users\che cooper\OneDrive\Desktop\New folder\Sushi_game\Library\PackageCache\com.unity.visualscripting@1.7.8\Editor\VisualScripting.Core\Dependencies\YamlDotNet\Unity.VisualScripting.YamlDotNet.dll
Symbol file LoadedFromMemory doesn't match image C:\Users\che cooper\OneDrive\Desktop\New folder\Sushi_game\Library\PackageCache\com.unity.visualscripting@1.7.8\Editor\VisualScripting.Core\Dependencies\DotNetZip\Unity.VisualScripting.IonicZip.dll
Native extension for WindowsStandalone target not found
Refreshing native plugins compatible for Editor in 0.74 ms, found 3 plugins.
Preloading 0 native plugins for Editor in 0.00 ms.
Mono: successfully reloaded assembly
- Completed reload, in  1.807 seconds
Domain Reload Profiling:
	ReloadAssembly (1808ms)
		BeginReloadAssembly (315ms)
			ExecutionOrderSort (0ms)
			DisableScriptedObjects (11ms)
			BackupInstance (0ms)
			ReleaseScriptingObjects (0ms)
			CreateAndSetChildDomain (77ms)
		EndReloadAssembly (1308ms)
			LoadAssemblies (235ms)
			RebuildTransferFunctionScriptingTraits (0ms)
			SetupTypeCache (448ms)
			ReleaseScriptCaches (2ms)
			RebuildScriptCaches (63ms)
			SetupLoadedEditorAssemblies (547ms)
				LogAssemblyErrors (0ms)
				InitializePlatformSupportModulesInManaged (24ms)
				SetLoadedEditorAssemblies (1ms)
				RefreshPlugins (1ms)
				BeforeProcessingInitializeOnLoad (115ms)
				ProcessInitializeOnLoadAttributes (337ms)
				ProcessInitializeOnLoadMethodAttributes (45ms)
				AfterProcessingInitializeOnLoad (24ms)
				EditorAssembliesLoaded (0ms)
			ExecutionOrderSort2 (0ms)
			AwakeInstancesAfterBackupRestoration (10ms)
Platform modules already initialized, skipping
Refreshing native plugins compatible for Editor in 8.00 ms, found 3 plugins.
Preloading 0 native plugins for Editor in 0.00 ms.
Unloading 3378 Unused Serialized files (Serialized files now loaded: 0)
Unloading 20 unused Assets / (82.2 KB). Loaded Objects now: 3881.
Memory consumption went from 134.6 MB to 134.5 MB.
Total: 5.881700 ms (FindLiveObjects: 0.319800 ms CreateObjectMapping: 0.288600 ms MarkObjects: 5.019000 ms  DeleteObjects: 0.251900 ms)

AssetImportParameters requested are different than current active one (requested -> active):
  custom:video-decoder-ogg-theora: a1e56fd34408186e4bbccfd4996cb3dc -> 
  custom:container-muxer-webm: aa71ff27fc2769a1b78a27578f13a17b -> 
  custom:container-demuxer-webm: 4f35f7cbe854078d1ac9338744f61a02 -> 
  custom:video-encoder-webm-vp8: eb34c28f22e8b96e1ab97ce403110664 -> 
  custom:audio-encoder-webm-vorbis: bf7c407c2cedff20999df2af8eb42d56 -> 
  custom:framework-win-MediaFoundation: 216162199b28c13a410421893ffa2e32 -> 
  custom:container-demuxer-ogg: 62fdf1f143b41e24485cea50d1cbac27 -> 
  custom:video-decoder-webm-vp8: 9c59270c3fd7afecdb556c50c9e8de78 -> 
  custom:audio-decoder-ogg-vorbis: bf7c407c2cedff20999df2af8eb42d56 -> 
========================================================================
Received Import Request.
  Time since last request: 433.147408 seconds.
  path: Assets/SkythianCat/Hand_Painted_Nature_Kit_LITE/DEMO/Demo_terrain.asset
  artifactKey: Guid(e8dfda675d4b6b045a1a927e19caffc4) Importer(815301076,1909f56bfc062723c751e8b465ee728b)
Start importing Assets/SkythianCat/Hand_Painted_Nature_Kit_LITE/DEMO/Demo_terrain.asset using Guid(e8dfda675d4b6b045a1a927e19caffc4) Importer(815301076,1909f56bfc062723c751e8b465ee728b) The tree Boletus_edulis01 must use the Nature/Soft Occlusion shader. Otherwise billboarding/lighting will not work correctly.
The tree Pine01 must use the Nature/Soft Occlusion shader. Otherwise billboarding/lighting will not work correctly.
The tree Cedar03 must use the Nature/Soft Occlusion shader. Otherwise billboarding/lighting will not work correctly.
The tree Larch01 must use the Nature/Soft Occlusion shader. Otherwise billboarding/lighting will not work correctly.
 -> (artifact id: '5633a230cbbc048e049d47d1f6628146') in 0.193322 seconds 
========================================================================
Received Import Request.
  Time since last request: 0.314222 seconds.
  path: Assets/SkythianCat/Hand_Painted_Nature_Kit_LITE/Materials/Bark3-2.mat
  artifactKey: Guid(cc60ec32b64abd84ba21af6ca87441bf) Importer(815301076,1909f56bfc062723c751e8b465ee728b)
Start importing Assets/SkythianCat/Hand_Painted_Nature_Kit_LITE/Materials/Bark3-2.mat using Guid(cc60ec32b64abd84ba21af6ca87441bf) Importer(815301076,1909f56bfc062723c751e8b465ee728b)  -> (artifact id: '839e320aea92efbdd4eb2cf27ac41d95') in 0.161868 seconds 
========================================================================
Received Import Request.
  Time since last request: 0.000103 seconds.
  path: Assets/SkythianCat/Hand_Painted_Nature_Kit_LITE/Materials/Stump_tip.mat
  artifactKey: Guid(fd2fea3c5c04b3044a0e0925974148da) Importer(815301076,1909f56bfc062723c751e8b465ee728b)
Start importing Assets/SkythianCat/Hand_Painted_Nature_Kit_LITE/Materials/Stump_tip.mat using Guid(fd2fea3c5c04b3044a0e0925974148da) Importer(815301076,1909f56bfc062723c751e8b465ee728b)  -> (artifact id: '6efcc6107fcd674c2f4dca08e1269a63') in 0.146502 seconds 
========================================================================
Received Import Request.
  Time since last request: 0.001890 seconds.
  path: Assets/SkythianCat/Hand_Painted_Nature_Kit_LITE/Materials/Fern01_branch.mat
  artifactKey: Guid(5e02285271f932b4d97dc7b92e669bfc) Importer(815301076,1909f56bfc062723c751e8b465ee728b)
Start importing Assets/SkythianCat/Hand_Painted_Nature_Kit_LITE/Materials/Fern01_branch.mat using Guid(5e02285271f932b4d97dc7b92e669bfc) Importer(815301076,1909f56bfc062723c751e8b465ee728b)  -> (artifact id: '1ff5569438e7eb53d72025c476f1e4df') in 0.082107 seconds 
========================================================================
Received Import Request.
  Time since last request: 0.000058 seconds.
  path: Assets/SkythianCat/Hand_Painted_Nature_Kit_LITE/Materials/Pine_branch.mat
  artifactKey: Guid(2c090ec8819221843abcb401d6038363) Importer(815301076,1909f56bfc062723c751e8b465ee728b)
Start importing Assets/SkythianCat/Hand_Painted_Nature_Kit_LITE/Materials/Pine_branch.mat using Guid(2c090ec8819221843abcb401d6038363) Importer(815301076,1909f56bfc062723c751e8b465ee728b)  -> (artifact id: 'b7436642d72fb8d07107fca70d1db2ea') in 0.143795 seconds 
========================================================================
Received Import Request.
  Time since last request: 0.000040 seconds.
  path: Assets/SkythianCat/Hand_Painted_Nature_Kit_LITE/Materials/Plantain.mat
  artifactKey: Guid(f2f7ee7f0e76e80418d08f6920b62878) Importer(815301076,1909f56bfc062723c751e8b465ee728b)
Start importing Assets/SkythianCat/Hand_Painted_Nature_Kit_LITE/Materials/Plantain.mat using Guid(f2f7ee7f0e76e80418d08f6920b62878) Importer(815301076,1909f56bfc062723c751e8b465ee728b)  -> (artifact id: 'ad3418a05ccbd70dcb6b77fe84c03bb4') in 0.092288 seconds 
========================================================================
Received Import Request.
  Time since last request: 1.039444 seconds.
  path: Assets/SkythianCat/Hand_Painted_Nature_Kit_LITE/Materials/Skybox
  artifactKey: Guid(85ddcd547982178428e23acfeb6ef0d4) Importer(815301076,1909f56bfc062723c751e8b465ee728b)
Start importing Assets/SkythianCat/Hand_Painted_Nature_Kit_LITE/Materials/Skybox using Guid(85ddcd547982178428e23acfeb6ef0d4) Importer(815301076,1909f56bfc062723c751e8b465ee728b)  -> (artifact id: 'a9f215aa0665fb758ab304804e3b318b') in 0.011255 seconds 
========================================================================
Received Import Request.
  Time since last request: 0.052360 seconds.
  path: Assets/SkythianCat/Hand_Painted_Nature_Kit_LITE/Materials/Skybox/Sky1_sun_cloud.mat
  artifactKey: Guid(18a18be315858d64c9a8ce50ccd52e64) Importer(815301076,1909f56bfc062723c751e8b465ee728b)
Start importing Assets/SkythianCat/Hand_Painted_Nature_Kit_LITE/Materials/Skybox/Sky1_sun_cloud.mat using Guid(18a18be315858d64c9a8ce50ccd52e64) Importer(815301076,1909f56bfc062723c751e8b465ee728b)  -> (artifact id: 'f2245dfb1550f0ba88171cdd598462fc') in 0.207075 seconds 
Editor requested this worker to shutdown with reason: Scaling down because of idle timeout
AssetImportWorker is now disconnected from the server
Process exiting
Exiting without the bug reporter. Application will terminate with return code 0