Using pre-set license
Built from '2021.3/staging' branch; Version is '2021.3.11f1 (0a5ca18544bf) revision 679073'; Using compiler version '192829333'; Build Type 'Release'
OS: 'Windows 10  (10.0.19044) 64bit Professional' Language: 'en' Physical Memory: 16274 MB
BatchMode: 1, IsHumanControllingUs: 0, StartBugReporterOnCrash: 0, Is64bit: 1, IsPro: 1

COMMAND LINE ARGUMENTS:
C:\Program Files\Unity\Hub\Editor\2021.3.11f1\Editor\Unity.exe
-adb2
-batchMode
-noUpm
-name
AssetImportWorker3
-projectPath
C:/Users/che cooper/OneDrive/Desktop/New folder/Sushi_game
-logFile
Logs/AssetImportWorker3.log
-srvPort
57409
Successfully changed project path to: C:/Users/che cooper/OneDrive/Desktop/New folder/Sushi_game
C:/Users/che cooper/OneDrive/Desktop/New folder/Sushi_game
[UnityMemory] Configuration Parameters - Can be set up in boot.config
    "memorysetup-bucket-allocator-granularity=16"
    "memorysetup-bucket-allocator-bucket-count=8"
    "memorysetup-bucket-allocator-block-size=33554432"
    "memorysetup-bucket-allocator-block-count=8"
    "memorysetup-main-allocator-block-size=16777216"
    "memorysetup-thread-allocator-block-size=16777216"
    "memorysetup-gfx-main-allocator-block-size=16777216"
    "memorysetup-gfx-thread-allocator-block-size=16777216"
    "memorysetup-cache-allocator-block-size=4194304"
    "memorysetup-typetree-allocator-block-size=2097152"
    "memorysetup-profiler-bucket-allocator-granularity=16"
    "memorysetup-profiler-bucket-allocator-bucket-count=8"
    "memorysetup-profiler-bucket-allocator-block-size=33554432"
    "memorysetup-profiler-bucket-allocator-block-count=8"
    "memorysetup-profiler-allocator-block-size=16777216"
    "memorysetup-profiler-editor-allocator-block-size=1048576"
    "memorysetup-temp-allocator-size-main=16777216"
    "memorysetup-job-temp-allocator-block-size=2097152"
    "memorysetup-job-temp-allocator-block-size-background=1048576"
    "memorysetup-job-temp-allocator-reduction-small-platforms=262144"
    "memorysetup-temp-allocator-size-background-worker=32768"
    "memorysetup-temp-allocator-size-job-worker=262144"
    "memorysetup-temp-allocator-size-preload-manager=33554432"
    "memorysetup-temp-allocator-size-nav-mesh-worker=65536"
    "memorysetup-temp-allocator-size-audio-worker=65536"
    "memorysetup-temp-allocator-size-cloud-worker=32768"
    "memorysetup-temp-allocator-size-gi-baking-worker=262144"
    "memorysetup-temp-allocator-size-gfx=262144"
Refreshing native plugins compatible for Editor in 168.42 ms, found 3 plugins.
Preloading 0 native plugins for Editor in 0.00 ms.
Initialize engine version: 2021.3.11f1 (0a5ca18544bf)
[Subsystems] Discovering subsystems at path C:/Program Files/Unity/Hub/Editor/2021.3.11f1/Editor/Data/Resources/UnitySubsystems
[Subsystems] Discovering subsystems at path C:/Users/che cooper/OneDrive/Desktop/New folder/Sushi_game/Assets
GfxDevice: creating device client; threaded=0; jobified=0
Direct3D:
    Version:  Direct3D 11.0 [level 11.1]
    Renderer: Intel(R) HD Graphics 4600 (ID=0x412)
    Vendor:   Intel
    VRAM:     2048 MB
    Driver:   20.19.15.5126
Initialize mono
Mono path[0] = 'C:/Program Files/Unity/Hub/Editor/2021.3.11f1/Editor/Data/Managed'
Mono path[1] = 'C:/Program Files/Unity/Hub/Editor/2021.3.11f1/Editor/Data/MonoBleedingEdge/lib/mono/unityjit-win32'
Mono config path = 'C:/Program Files/Unity/Hub/Editor/2021.3.11f1/Editor/Data/MonoBleedingEdge/etc'
Using monoOptions --debugger-agent=transport=dt_socket,embedding=1,server=y,suspend=n,address=127.0.0.1:56764
Begin MonoManager ReloadAssembly
Registering precompiled unity dll's ...
Register platform support module: C:/Program Files/Unity/Hub/Editor/2021.3.11f1/Editor/Data/PlaybackEngines/WindowsStandaloneSupport/UnityEditor.WindowsStandalone.Extensions.dll
Registered in 0.032165 seconds.
Native extension for WindowsStandalone target not found
Refreshing native plugins compatible for Editor in 156.73 ms, found 3 plugins.
Preloading 0 native plugins for Editor in 0.00 ms.
Mono: successfully reloaded assembly
- Completed reload, in  2.036 seconds
Domain Reload Profiling:
	ReloadAssembly (2038ms)
		BeginReloadAssembly (229ms)
			ExecutionOrderSort (0ms)
			DisableScriptedObjects (0ms)
			BackupInstance (0ms)
			ReleaseScriptingObjects (0ms)
			CreateAndSetChildDomain (1ms)
		EndReloadAssembly (1531ms)
			LoadAssemblies (221ms)
			RebuildTransferFunctionScriptingTraits (0ms)
			SetupTypeCache (301ms)
			ReleaseScriptCaches (0ms)
			RebuildScriptCaches (77ms)
			SetupLoadedEditorAssemblies (666ms)
				LogAssemblyErrors (0ms)
				InitializePlatformSupportModulesInManaged (17ms)
				SetLoadedEditorAssemblies (3ms)
				RefreshPlugins (157ms)
				BeforeProcessingInitializeOnLoad (4ms)
				ProcessInitializeOnLoadAttributes (379ms)
				ProcessInitializeOnLoadMethodAttributes (106ms)
				AfterProcessingInitializeOnLoad (0ms)
				EditorAssembliesLoaded (0ms)
			ExecutionOrderSort2 (0ms)
			AwakeInstancesAfterBackupRestoration (0ms)
Platform modules already initialized, skipping
Registering precompiled user dll's ...
Registered in 0.023753 seconds.
Begin MonoManager ReloadAssembly
Native extension for WindowsStandalone target not found
Refreshing native plugins compatible for Editor in 2.65 ms, found 3 plugins.
Preloading 0 native plugins for Editor in 0.00 ms.
Mono: successfully reloaded assembly
- Completed reload, in  3.608 seconds
Domain Reload Profiling:
	ReloadAssembly (3609ms)
		BeginReloadAssembly (627ms)
			ExecutionOrderSort (0ms)
			DisableScriptedObjects (16ms)
			BackupInstance (0ms)
			ReleaseScriptingObjects (1ms)
			CreateAndSetChildDomain (92ms)
		EndReloadAssembly (2534ms)
			LoadAssemblies (641ms)
			RebuildTransferFunctionScriptingTraits (0ms)
			SetupTypeCache (814ms)
			ReleaseScriptCaches (2ms)
			RebuildScriptCaches (144ms)
			SetupLoadedEditorAssemblies (977ms)
				LogAssemblyErrors (0ms)
				InitializePlatformSupportModulesInManaged (17ms)
				SetLoadedEditorAssemblies (1ms)
				RefreshPlugins (3ms)
				BeforeProcessingInitializeOnLoad (237ms)
				ProcessInitializeOnLoadAttributes (627ms)
				ProcessInitializeOnLoadMethodAttributes (61ms)
				AfterProcessingInitializeOnLoad (31ms)
				EditorAssembliesLoaded (0ms)
			ExecutionOrderSort2 (0ms)
			AwakeInstancesAfterBackupRestoration (13ms)
Platform modules already initialized, skipping
========================================================================
Worker process is ready to serve import requests
Launched and connected shader compiler UnityShaderCompiler.exe after 0.14 seconds
Refreshing native plugins compatible for Editor in 2.77 ms, found 3 plugins.
Preloading 0 native plugins for Editor in 0.00 ms.
Unloading 3384 Unused Serialized files (Serialized files now loaded: 0)
Unloading 27 unused Assets / (114.7 KB). Loaded Objects now: 3863.
Memory consumption went from 130.2 MB to 130.0 MB.
Total: 6.887200 ms (FindLiveObjects: 0.447800 ms CreateObjectMapping: 0.670900 ms MarkObjects: 5.346100 ms  DeleteObjects: 0.421300 ms)

AssetImportParameters requested are different than current active one (requested -> active):
  custom:video-decoder-ogg-theora: a1e56fd34408186e4bbccfd4996cb3dc -> 
  custom:container-muxer-webm: aa71ff27fc2769a1b78a27578f13a17b -> 
  custom:container-demuxer-webm: 4f35f7cbe854078d1ac9338744f61a02 -> 
  custom:video-encoder-webm-vp8: eb34c28f22e8b96e1ab97ce403110664 -> 
  custom:audio-encoder-webm-vorbis: bf7c407c2cedff20999df2af8eb42d56 -> 
  custom:framework-win-MediaFoundation: 216162199b28c13a410421893ffa2e32 -> 
  custom:container-demuxer-ogg: 62fdf1f143b41e24485cea50d1cbac27 -> 
  custom:video-decoder-webm-vp8: 9c59270c3fd7afecdb556c50c9e8de78 -> 
  custom:audio-decoder-ogg-vorbis: bf7c407c2cedff20999df2af8eb42d56 -> 
========================================================================
Received Import Request.
  Time since last request: 723582.124983 seconds.
  path: Assets/New Terrain 1.asset
  artifactKey: Guid(e188a04b7b4bdc44190a063a77667557) Importer(815301076,1909f56bfc062723c751e8b465ee728b)
Start importing Assets/New Terrain 1.asset using Guid(e188a04b7b4bdc44190a063a77667557) Importer(815301076,1909f56bfc062723c751e8b465ee728b)  -> (artifact id: '066904ec776d93e7c77951cd37124dfc') in 0.224493 seconds 
========================================================================
Received Prepare
Registering precompiled user dll's ...
Registered in 0.019771 seconds.
Begin MonoManager ReloadAssembly
Native extension for WindowsStandalone target not found
Refreshing native plugins compatible for Editor in 7.37 ms, found 3 plugins.
Preloading 0 native plugins for Editor in 0.00 ms.
Mono: successfully reloaded assembly
- Completed reload, in  4.178 seconds
Domain Reload Profiling:
	ReloadAssembly (4179ms)
		BeginReloadAssembly (958ms)
			ExecutionOrderSort (0ms)
			DisableScriptedObjects (21ms)
			BackupInstance (0ms)
			ReleaseScriptingObjects (0ms)
			CreateAndSetChildDomain (155ms)
		EndReloadAssembly (2859ms)
			LoadAssemblies (805ms)
			RebuildTransferFunctionScriptingTraits (0ms)
			SetupTypeCache (960ms)
			ReleaseScriptCaches (13ms)
			RebuildScriptCaches (142ms)
			SetupLoadedEditorAssemblies (1250ms)
				LogAssemblyErrors (0ms)
				InitializePlatformSupportModulesInManaged (50ms)
				SetLoadedEditorAssemblies (1ms)
				RefreshPlugins (8ms)
				BeforeProcessingInitializeOnLoad (254ms)
				ProcessInitializeOnLoadAttributes (771ms)
				ProcessInitializeOnLoadMethodAttributes (126ms)
				AfterProcessingInitializeOnLoad (40ms)
				EditorAssembliesLoaded (0ms)
			ExecutionOrderSort2 (0ms)
			AwakeInstancesAfterBackupRestoration (18ms)
Platform modules already initialized, skipping
Refreshing native plugins compatible for Editor in 13.58 ms, found 3 plugins.
Preloading 0 native plugins for Editor in 0.00 ms.
Unloading 3378 Unused Serialized files (Serialized files now loaded: 0)
Unloading 20 unused Assets / (82.1 KB). Loaded Objects now: 3869.
Memory consumption went from 130.0 MB to 130.0 MB.
Total: 9.321800 ms (FindLiveObjects: 0.335100 ms CreateObjectMapping: 0.201000 ms MarkObjects: 5.014400 ms  DeleteObjects: 3.770000 ms)

AssetImportParameters requested are different than current active one (requested -> active):
  custom:video-decoder-ogg-theora: a1e56fd34408186e4bbccfd4996cb3dc -> 
  custom:container-muxer-webm: aa71ff27fc2769a1b78a27578f13a17b -> 
  custom:container-demuxer-webm: 4f35f7cbe854078d1ac9338744f61a02 -> 
  custom:video-encoder-webm-vp8: eb34c28f22e8b96e1ab97ce403110664 -> 
  custom:audio-encoder-webm-vorbis: bf7c407c2cedff20999df2af8eb42d56 -> 
  custom:framework-win-MediaFoundation: 216162199b28c13a410421893ffa2e32 -> 
  custom:container-demuxer-ogg: 62fdf1f143b41e24485cea50d1cbac27 -> 
  custom:video-decoder-webm-vp8: 9c59270c3fd7afecdb556c50c9e8de78 -> 
  custom:audio-decoder-ogg-vorbis: bf7c407c2cedff20999df2af8eb42d56 -> 
========================================================================
Received Import Request.
  Time since last request: 203.277420 seconds.
  path: Assets/_TerrainAutoUpgrade/layer_grass01_bb3407d0e55802f81.terrainlayer
  artifactKey: Guid(883455d222618a241b04127384d6fd45) Importer(815301076,1909f56bfc062723c751e8b465ee728b)
Start importing Assets/_TerrainAutoUpgrade/layer_grass01_bb3407d0e55802f81.terrainlayer using Guid(883455d222618a241b04127384d6fd45) Importer(815301076,1909f56bfc062723c751e8b465ee728b)  -> (artifact id: '275da2c91cd42064bb78b33de377183e') in 0.577983 seconds 
========================================================================
Received Import Request.
  Time since last request: 0.000041 seconds.
  path: Assets/_TerrainAutoUpgrade/layer_grass01b3407d0e55802f81.terrainlayer
  artifactKey: Guid(e83024f58a8676442b08389fd12ef44f) Importer(815301076,1909f56bfc062723c751e8b465ee728b)
Start importing Assets/_TerrainAutoUpgrade/layer_grass01b3407d0e55802f81.terrainlayer using Guid(e83024f58a8676442b08389fd12ef44f) Importer(815301076,1909f56bfc062723c751e8b465ee728b)  -> (artifact id: '16914961587cb55760421470fbe666c5') in 0.155222 seconds 
========================================================================
Received Import Request.
  Time since last request: 0.000779 seconds.
  path: Assets/_TerrainAutoUpgrade/layer_Road3-3b3407d0e55802f81.terrainlayer
  artifactKey: Guid(f7224e233dd7fe44c8bfd3a6853a4856) Importer(815301076,1909f56bfc062723c751e8b465ee728b)
Start importing Assets/_TerrainAutoUpgrade/layer_Road3-3b3407d0e55802f81.terrainlayer using Guid(f7224e233dd7fe44c8bfd3a6853a4856) Importer(815301076,1909f56bfc062723c751e8b465ee728b)  -> (artifact id: '60b06f7e5277d18c34e959dddfaec3f1') in 0.125811 seconds 
========================================================================
Received Import Request.
  Time since last request: 0.000327 seconds.
  path: Assets/_TerrainAutoUpgrade/layer_Road3-2b3407d0e55802f81.terrainlayer
  artifactKey: Guid(e34db2572584f714bbedacca6555cd1b) Importer(815301076,1909f56bfc062723c751e8b465ee728b)
Start importing Assets/_TerrainAutoUpgrade/layer_Road3-2b3407d0e55802f81.terrainlayer using Guid(e34db2572584f714bbedacca6555cd1b) Importer(815301076,1909f56bfc062723c751e8b465ee728b)  -> (artifact id: '98e4eb7a318a6962d4e1a1ea4e091ee2') in 0.054535 seconds 
========================================================================
Received Import Request.
  Time since last request: 0.006676 seconds.
  path: Assets/SkythianCat/Hand_Painted_Nature_Kit_LITE/Prefabs/Boletus_edulis01.prefab
  artifactKey: Guid(ea10774542693594183ed8bc58125543) Importer(815301076,1909f56bfc062723c751e8b465ee728b)
Start importing Assets/SkythianCat/Hand_Painted_Nature_Kit_LITE/Prefabs/Boletus_edulis01.prefab using Guid(ea10774542693594183ed8bc58125543) Importer(815301076,1909f56bfc062723c751e8b465ee728b)  -> (artifact id: '9356dbbc2b14d46dc89e3117ef485a61') in 0.437877 seconds 
========================================================================
Received Import Request.
  Time since last request: 0.008651 seconds.
  path: Assets/SkythianCat/Hand_Painted_Nature_Kit_LITE/Prefabs/Dandelion02.prefab
  artifactKey: Guid(f5cd7354c5e2cd546a7d90d6e9ce0daa) Importer(815301076,1909f56bfc062723c751e8b465ee728b)
Start importing Assets/SkythianCat/Hand_Painted_Nature_Kit_LITE/Prefabs/Dandelion02.prefab using Guid(f5cd7354c5e2cd546a7d90d6e9ce0daa) Importer(815301076,1909f56bfc062723c751e8b465ee728b)  -> (artifact id: '3f264363ec24c388e27e57181ddf35be') in 0.106848 seconds 
========================================================================
Received Import Request.
  Time since last request: 0.009239 seconds.
  path: Assets/SkythianCat/Hand_Painted_Nature_Kit_LITE/Prefabs/Cedar03.prefab
  artifactKey: Guid(139dd5681ad53a84fab5db7f67bd7de2) Importer(815301076,1909f56bfc062723c751e8b465ee728b)
Start importing Assets/SkythianCat/Hand_Painted_Nature_Kit_LITE/Prefabs/Cedar03.prefab using Guid(139dd5681ad53a84fab5db7f67bd7de2) Importer(815301076,1909f56bfc062723c751e8b465ee728b)  -> (artifact id: '8e3b12967ac1d1ef780da35b88fb9efa') in 0.192846 seconds 
========================================================================
Received Import Request.
  Time since last request: 0.000079 seconds.
  path: Assets/JapaneseFood_Sushi Free/Assets/Prefabs/Plate_01.prefab
  artifactKey: Guid(c28452d241ffa6b4da056e9dad2b923a) Importer(815301076,1909f56bfc062723c751e8b465ee728b)
Start importing Assets/JapaneseFood_Sushi Free/Assets/Prefabs/Plate_01.prefab using Guid(c28452d241ffa6b4da056e9dad2b923a) Importer(815301076,1909f56bfc062723c751e8b465ee728b)  -> (artifact id: '27547e93ee1add3c6f59482a67c7284f') in 0.383141 seconds 
========================================================================
Received Import Request.
  Time since last request: 0.000531 seconds.
  path: Assets/Fantasy Forest Environment Free Sample/Meshes/Prefabs/grass01.prefab
  artifactKey: Guid(b48086d9f175aa34b947a21c8056c3d2) Importer(815301076,1909f56bfc062723c751e8b465ee728b)
Start importing Assets/Fantasy Forest Environment Free Sample/Meshes/Prefabs/grass01.prefab using Guid(b48086d9f175aa34b947a21c8056c3d2) Importer(815301076,1909f56bfc062723c751e8b465ee728b)  -> (artifact id: 'cf7969338db68bfd6d7974ddb9176bf2') in 0.385112 seconds 
========================================================================
Received Import Request.
  Time since last request: 0.000033 seconds.
  path: Assets/_TerrainAutoUpgrade/NewLayer.terrainlayer
  artifactKey: Guid(c26078c715d93474e802a9cb02bd6707) Importer(815301076,1909f56bfc062723c751e8b465ee728b)
Start importing Assets/_TerrainAutoUpgrade/NewLayer.terrainlayer using Guid(c26078c715d93474e802a9cb02bd6707) Importer(815301076,1909f56bfc062723c751e8b465ee728b)  -> (artifact id: '12fc7d5147e6b246bc5f199debab6db3') in 0.208984 seconds 
========================================================================
Received Import Request.
  Time since last request: 0.000971 seconds.
  path: Assets/_TerrainAutoUpgrade/layer_Ground5-1b3407d0e55802f81.terrainlayer
  artifactKey: Guid(fabe8613bc37b014ca2de906e7de2c0e) Importer(815301076,1909f56bfc062723c751e8b465ee728b)
Start importing Assets/_TerrainAutoUpgrade/layer_Ground5-1b3407d0e55802f81.terrainlayer using Guid(fabe8613bc37b014ca2de906e7de2c0e) Importer(815301076,1909f56bfc062723c751e8b465ee728b)  -> (artifact id: '872b8eddcde3b424ab78b42a143c20f2') in 0.141491 seconds 
========================================================================
Received Import Request.
  Time since last request: 0.000029 seconds.
  path: Assets/JapaneseFood_Sushi Free/Assets/Prefabs/Chopstick.prefab
  artifactKey: Guid(c9ed87aa21987f849a1229a169ff6224) Importer(815301076,1909f56bfc062723c751e8b465ee728b)
Start importing Assets/JapaneseFood_Sushi Free/Assets/Prefabs/Chopstick.prefab using Guid(c9ed87aa21987f849a1229a169ff6224) Importer(815301076,1909f56bfc062723c751e8b465ee728b)  -> (artifact id: '8ac6e491ec9f1b2dd14053ac6e65b2af') in 0.133108 seconds 
Editor requested this worker to shutdown with reason: Scaling down because of idle timeout
AssetImportWorker is now disconnected from the server
Process exiting
Exiting without the bug reporter. Application will terminate with return code 0